2023-08-30 16:36:49 0 [Note] Starting MariaDB 10.4.28-MariaDB source revision c8f2e9a5c0ac5905f28b050b7df5a9ffd914b7e7 as process 5528
2023-08-30 16:36:49 0 [Note] InnoDB: Mutexes and rw_locks use Windows interlocked functions
2023-08-30 16:36:49 0 [Note] InnoDB: Uses event mutexes
2023-08-30 16:36:49 0 [Note] InnoDB: Compressed tables use zlib 1.2.12
2023-08-30 16:36:49 0 [Note] InnoDB: Number of pools: 1
2023-08-30 16:36:49 0 [Note] InnoDB: Using SSE2 crc32 instructions
2023-08-30 16:36:49 0 [Note] InnoDB: Initializing buffer pool, total size = 16M, instances = 1, chunk size = 16M
2023-08-30 16:36:49 0 [Note] InnoDB: Completed initialization of buffer pool
2023-08-30 16:36:49 0 [Note] InnoDB: Starting crash recovery from checkpoint LSN=300288
2023-08-30 16:36:49 0 [Note] InnoDB: 128 out of 128 rollback segments are active.
2023-08-30 16:36:49 0 [Note] InnoDB: Removed temporary tablespace data file: "ibtmp1"
2023-08-30 16:36:49 0 [Note] InnoDB: Creating shared tablespace for temporary tables
2023-08-30 16:36:49 0 [Note] InnoDB: Setting file 'C:\xampp\mysql\data\ibtmp1' size to 12 MB. Physically writing the file full; Please wait ...
2023-08-30 16:36:49 0 [Note] InnoDB: File 'C:\xampp\mysql\data\ibtmp1' size is now 12 MB.
2023-08-30 16:36:49 0 [Note] InnoDB: Waiting for purge to start
2023-08-30 16:36:49 0 [Note] InnoDB: 10.4.28 started; log sequence number 300297; transaction id 170
2023-08-30 16:36:49 0 [Note] InnoDB: Loading buffer pool(s) from C:\xampp\mysql\data\ib_buffer_pool
2023-08-30 16:36:49 0 [Note] Plugin 'FEEDBACK' is disabled.
2023-08-30 16:36:49 0 [Note] InnoDB: Buffer pool(s) load completed at 230830 16:36:49
2023-08-30 16:36:49 0 [Note] Server socket created on IP: '::'.
2023-08-30 20:49:09 0 [Note] Starting MariaDB 10.4.28-MariaDB source revision c8f2e9a5c0ac5905f28b050b7df5a9ffd914b7e7 as process 7688
2023-08-30 20:49:09 0 [Note] InnoDB: Mutexes and rw_locks use Windows interlocked functions
2023-08-30 20:49:09 0 [Note] InnoDB: Uses event mutexes
2023-08-30 20:49:09 0 [Note] InnoDB: Compressed tables use zlib 1.2.12
2023-08-30 20:49:09 0 [Note] InnoDB: Number of pools: 1
2023-08-30 20:49:09 0 [Note] InnoDB: Using SSE2 crc32 instructions
2023-08-30 20:49:09 0 [Note] InnoDB: Initializing buffer pool, total size = 16M, instances = 1, chunk size = 16M
2023-08-30 20:49:09 0 [Note] InnoDB: Completed initialization of buffer pool
2023-08-30 20:49:09 0 [Note] InnoDB: Starting crash recovery from checkpoint LSN=342503
2023-08-30 20:49:09 0 [Note] InnoDB: Starting final batch to recover 15 pages from redo log.
2023-08-30 20:49:10 0 [Note] InnoDB: 128 out of 128 rollback segments are active.
2023-08-30 20:49:10 0 [Note] InnoDB: Removed temporary tablespace data file: "ibtmp1"
2023-08-30 20:49:10 0 [Note] InnoDB: Creating shared tablespace for temporary tables
2023-08-30 20:49:10 0 [Note] InnoDB: Setting file 'C:\xampp\mysql\data\ibtmp1' size to 12 MB. Physically writing the file full; Please wait ...
2023-08-30 20:49:10 0 [Note] InnoDB: File 'C:\xampp\mysql\data\ibtmp1' size is now 12 MB.
2023-08-30 20:49:10 0 [Note] InnoDB: Waiting for purge to start
2023-08-30 20:49:10 0 [Note] InnoDB: 10.4.28 started; log sequence number 346064; transaction id 312
2023-08-30 20:49:10 0 [Note] InnoDB: Loading buffer pool(s) from C:\xampp\mysql\data\ib_buffer_pool
2023-08-30 20:49:10 0 [Note] Plugin 'FEEDBACK' is disabled.
2023-08-30 20:49:10 0 [Note] InnoDB: Buffer pool(s) load completed at 230830 20:49:10
2023-08-30 20:49:10 0 [Note] Server socket created on IP: '::'.
2023-08-30 21:19:09 0 [Note] Starting MariaDB 10.4.28-MariaDB source revision c8f2e9a5c0ac5905f28b050b7df5a9ffd914b7e7 as process 10828
2023-08-30 21:19:09 0 [Note] InnoDB: Mutexes and rw_locks use Windows interlocked functions
2023-08-30 21:19:09 0 [Note] InnoDB: Uses event mutexes
2023-08-30 21:19:09 0 [Note] InnoDB: Compressed tables use zlib 1.2.12
2023-08-30 21:19:09 0 [Note] InnoDB: Number of pools: 1
2023-08-30 21:19:09 0 [Note] InnoDB: Using SSE2 crc32 instructions
2023-08-30 21:19:09 0 [Note] InnoDB: Initializing buffer pool, total size = 16M, instances = 1, chunk size = 16M
2023-08-30 21:19:09 0 [Note] InnoDB: Completed initialization of buffer pool
2023-08-30 21:19:09 0 [Note] InnoDB: 128 out of 128 rollback segments are active.
2023-08-30 21:19:09 0 [Note] InnoDB: Creating shared tablespace for temporary tables
2023-08-30 21:19:09 0 [Note] InnoDB: Setting file 'C:\xampp\mysql\data\ibtmp1' size to 12 MB. Physically writing the file full; Please wait ...
2023-08-30 21:19:09 0 [Note] InnoDB: File 'C:\xampp\mysql\data\ibtmp1' size is now 12 MB.
2023-08-30 21:19:09 0 [Note] InnoDB: Waiting for purge to start
2023-08-30 21:19:09 0 [Note] InnoDB: 10.4.28 started; log sequence number 346436; transaction id 312
2023-08-30 21:19:09 0 [Note] InnoDB: Loading buffer pool(s) from C:\xampp\mysql\data\ib_buffer_pool
2023-08-30 21:19:09 0 [Note] Plugin 'FEEDBACK' is disabled.
2023-08-30 21:19:09 0 [Note] Server socket created on IP: '::'.
2023-08-30 21:19:24 0 [Note] Starting MariaDB 10.4.28-MariaDB source revision c8f2e9a5c0ac5905f28b050b7df5a9ffd914b7e7 as process 9448
2023-08-30 21:19:24 0 [Note] InnoDB: Mutexes and rw_locks use Windows interlocked functions
2023-08-30 21:19:24 0 [Note] InnoDB: Uses event mutexes
2023-08-30 21:19:24 0 [Note] InnoDB: Compressed tables use zlib 1.2.12
2023-08-30 21:19:24 0 [Note] InnoDB: Number of pools: 1
2023-08-30 21:19:24 0 [Note] InnoDB: Using SSE2 crc32 instructions
2023-08-30 21:19:24 0 [Note] InnoDB: Initializing buffer pool, total size = 16M, instances = 1, chunk size = 16M
2023-08-30 21:19:24 0 [Note] InnoDB: Completed initialization of buffer pool
2023-08-30 21:19:24 0 [Note] InnoDB: 128 out of 128 rollback segments are active.
2023-08-30 21:19:24 0 [Note] InnoDB: Creating shared tablespace for temporary tables
2023-08-30 21:19:24 0 [Note] InnoDB: Setting file 'C:\xampp\mysql\data\ibtmp1' size to 12 MB. Physically writing the file full; Please wait ...
2023-08-30 21:19:24 0 [Note] InnoDB: File 'C:\xampp\mysql\data\ibtmp1' size is now 12 MB.
2023-08-30 21:19:24 0 [Note] InnoDB: Waiting for purge to start
2023-08-30 21:19:24 0 [Note] InnoDB: 10.4.28 started; log sequence number 346445; transaction id 312
2023-08-30 21:19:24 0 [Note] InnoDB: Loading buffer pool(s) from C:\xampp\mysql\data\ib_buffer_pool
2023-08-30 21:19:24 0 [Note] Plugin 'FEEDBACK' is disabled.
2023-08-30 21:19:24 0 [Note] Server socket created on IP: '::'.
2023-08-30 21:19:37 0 [Note] Starting MariaDB 10.4.28-MariaDB source revision c8f2e9a5c0ac5905f28b050b7df5a9ffd914b7e7 as process 6472
2023-08-30 21:19:37 0 [Note] InnoDB: Mutexes and rw_locks use Windows interlocked functions
2023-08-30 21:19:37 0 [Note] InnoDB: Uses event mutexes
2023-08-30 21:19:37 0 [Note] InnoDB: Compressed tables use zlib 1.2.12
2023-08-30 21:19:37 0 [Note] InnoDB: Number of pools: 1
2023-08-30 21:19:37 0 [Note] InnoDB: Using SSE2 crc32 instructions
2023-08-30 21:19:37 0 [Note] InnoDB: Initializing buffer pool, total size = 16M, instances = 1, chunk size = 16M
2023-08-30 21:19:37 0 [Note] InnoDB: Completed initialization of buffer pool
2023-08-30 21:19:37 0 [Note] InnoDB: 128 out of 128 rollback segments are active.
2023-08-30 21:19:37 0 [Note] InnoDB: Creating shared tablespace for temporary tables
2023-08-30 21:19:37 0 [Note] InnoDB: Setting file 'C:\xampp\mysql\data\ibtmp1' size to 12 MB. Physically writing the file full; Please wait ...
2023-08-30 21:19:37 0 [Note] InnoDB: File 'C:\xampp\mysql\data\ibtmp1' size is now 12 MB.
2023-08-30 21:19:37 0 [Note] InnoDB: Waiting for purge to start
2023-08-30 21:19:37 0 [Note] InnoDB: 10.4.28 started; log sequence number 346454; transaction id 312
2023-08-30 21:19:37 0 [Note] InnoDB: Loading buffer pool(s) from C:\xampp\mysql\data\ib_buffer_pool
2023-08-30 21:19:37 0 [Note] Plugin 'FEEDBACK' is disabled.
2023-08-30 21:19:37 0 [Note] Server socket created on IP: '::'.
2023-08-30 21:20:13 0 [Note] Starting MariaDB 10.4.28-MariaDB source revision c8f2e9a5c0ac5905f28b050b7df5a9ffd914b7e7 as process 2840
2023-08-30 21:20:13 0 [Note] InnoDB: Mutexes and rw_locks use Windows interlocked functions
2023-08-30 21:20:13 0 [Note] InnoDB: Uses event mutexes
2023-08-30 21:20:13 0 [Note] InnoDB: Compressed tables use zlib 1.2.12
2023-08-30 21:20:13 0 [Note] InnoDB: Number of pools: 1
2023-08-30 21:20:13 0 [Note] InnoDB: Using SSE2 crc32 instructions
2023-08-30 21:20:13 0 [Note] InnoDB: Initializing buffer pool, total size = 16M, instances = 1, chunk size = 16M
2023-08-30 21:20:13 0 [Note] InnoDB: Completed initialization of buffer pool
2023-08-30 21:20:13 0 [Note] InnoDB: 128 out of 128 rollback segments are active.
2023-08-30 21:20:13 0 [Note] InnoDB: Creating shared tablespace for temporary tables
2023-08-30 21:20:13 0 [Note] InnoDB: Setting file 'C:\xampp\mysql\data\ibtmp1' size to 12 MB. Physically writing the file full; Please wait ...
2023-08-30 21:20:13 0 [Note] InnoDB: File 'C:\xampp\mysql\data\ibtmp1' size is now 12 MB.
2023-08-30 21:20:13 0 [Note] InnoDB: Waiting for purge to start
2023-08-30 21:20:13 0 [Note] InnoDB: 10.4.28 started; log sequence number 346463; transaction id 312
2023-08-30 21:20:13 0 [Note] InnoDB: Loading buffer pool(s) from C:\xampp\mysql\data\ib_buffer_pool
2023-08-30 21:20:13 0 [Note] Plugin 'FEEDBACK' is disabled.
2023-08-30 21:20:13 0 [Note] Server socket created on IP: '::'.
2023-08-30 21:21:18 0 [Note] Starting MariaDB 10.4.28-MariaDB source revision c8f2e9a5c0ac5905f28b050b7df5a9ffd914b7e7 as process 3492
2023-08-30 21:21:18 0 [Note] InnoDB: Mutexes and rw_locks use Windows interlocked functions
2023-08-30 21:21:18 0 [Note] InnoDB: Uses event mutexes
2023-08-30 21:21:18 0 [Note] InnoDB: Compressed tables use zlib 1.2.12
2023-08-30 21:21:18 0 [Note] InnoDB: Number of pools: 1
2023-08-30 21:21:18 0 [Note] InnoDB: Using SSE2 crc32 instructions
2023-08-30 21:21:18 0 [Note] InnoDB: Initializing buffer pool, total size = 16M, instances = 1, chunk size = 16M
2023-08-30 21:21:18 0 [Note] InnoDB: Completed initialization of buffer pool
2023-08-30 21:21:18 0 [Note] InnoDB: 128 out of 128 rollback segments are active.
2023-08-30 21:21:18 0 [Note] InnoDB: Creating shared tablespace for temporary tables
2023-08-30 21:21:18 0 [Note] InnoDB: Setting file 'C:\xampp\mysql\data\ibtmp1' size to 12 MB. Physically writing the file full; Please wait ...
2023-08-30 21:21:18 0 [Note] InnoDB: File 'C:\xampp\mysql\data\ibtmp1' size is now 12 MB.
2023-08-30 21:21:18 0 [Note] InnoDB: Waiting for purge to start
2023-08-30 21:21:18 0 [Note] InnoDB: 10.4.28 started; log sequence number 346472; transaction id 312
2023-08-30 21:21:18 0 [Note] InnoDB: Loading buffer pool(s) from C:\xampp\mysql\data\ib_buffer_pool
2023-08-30 21:21:18 0 [Note] Plugin 'FEEDBACK' is disabled.
2023-08-30 21:21:18 0 [Note] Server socket created on IP: '::'.
2023-08-30 21:23:29 0 [Note] Starting MariaDB 10.4.28-MariaDB source revision c8f2e9a5c0ac5905f28b050b7df5a9ffd914b7e7 as process 1804
2023-08-30 21:23:29 0 [Note] InnoDB: Mutexes and rw_locks use Windows interlocked functions
2023-08-30 21:23:29 0 [Note] InnoDB: Uses event mutexes
2023-08-30 21:23:29 0 [Note] InnoDB: Compressed tables use zlib 1.2.12
2023-08-30 21:23:29 0 [Note] InnoDB: Number of pools: 1
2023-08-30 21:23:29 0 [Note] InnoDB: Using SSE2 crc32 instructions
2023-08-30 21:23:29 0 [Note] InnoDB: Initializing buffer pool, total size = 16M, instances = 1, chunk size = 16M
2023-08-30 21:23:29 0 [Note] InnoDB: Completed initialization of buffer pool
2023-08-30 21:23:29 0 [Note] InnoDB: 128 out of 128 rollback segments are active.
2023-08-30 21:23:29 0 [Note] InnoDB: Creating shared tablespace for temporary tables
2023-08-30 21:23:29 0 [Note] InnoDB: Setting file 'C:\xampp\mysql\data\ibtmp1' size to 12 MB. Physically writing the file full; Please wait ...
2023-08-30 21:23:29 0 [Note] InnoDB: File 'C:\xampp\mysql\data\ibtmp1' size is now 12 MB.
2023-08-30 21:23:29 0 [Note] InnoDB: Waiting for purge to start
2023-08-30 21:23:29 0 [Note] InnoDB: 10.4.28 started; log sequence number 346481; transaction id 312
2023-08-30 21:23:29 0 [Note] InnoDB: Loading buffer pool(s) from C:\xampp\mysql\data\ib_buffer_pool
2023-08-30 21:23:29 0 [Note] Plugin 'FEEDBACK' is disabled.
2023-08-30 21:23:29 0 [Note] InnoDB: Buffer pool(s) load completed at 230830 21:23:29
2023-08-30 21:23:29 0 [Note] Server socket created on IP: '::'.
2023-08-30 21:25:47 0 [Note] Starting MariaDB 10.4.28-MariaDB source revision c8f2e9a5c0ac5905f28b050b7df5a9ffd914b7e7 as process 7528
2023-08-30 21:25:47 0 [Note] InnoDB: Mutexes and rw_locks use Windows interlocked functions
2023-08-30 21:25:47 0 [Note] InnoDB: Uses event mutexes
2023-08-30 21:25:47 0 [Note] InnoDB: Compressed tables use zlib 1.2.12
2023-08-30 21:25:47 0 [Note] InnoDB: Number of pools: 1
2023-08-30 21:25:47 0 [Note] InnoDB: Using SSE2 crc32 instructions
2023-08-30 21:25:47 0 [Note] InnoDB: Initializing buffer pool, total size = 16M, instances = 1, chunk size = 16M
2023-08-30 21:25:47 0 [Note] InnoDB: Completed initialization of buffer pool
2023-08-30 21:25:47 0 [Note] InnoDB: 128 out of 128 rollback segments are active.
2023-08-30 21:25:47 0 [Note] InnoDB: Creating shared tablespace for temporary tables
2023-08-30 21:25:47 0 [Note] InnoDB: Setting file 'C:\xampp\mysql\data\ibtmp1' size to 12 MB. Physically writing the file full; Please wait ...
2023-08-30 21:25:47 0 [Note] InnoDB: File 'C:\xampp\mysql\data\ibtmp1' size is now 12 MB.
2023-08-30 21:25:47 0 [Note] InnoDB: Waiting for purge to start
2023-08-30 21:25:47 0 [Note] InnoDB: 10.4.28 started; log sequence number 346490; transaction id 312
2023-08-30 21:25:47 0 [Note] InnoDB: Loading buffer pool(s) from C:\xampp\mysql\data\ib_buffer_pool
2023-08-30 21:25:47 0 [Note] Plugin 'FEEDBACK' is disabled.
2023-08-30 21:25:47 0 [Note] Server socket created on IP: '::'.
2023-08-30 21:25:50 0 [Note] Starting MariaDB 10.4.28-MariaDB source revision c8f2e9a5c0ac5905f28b050b7df5a9ffd914b7e7 as process 5804
2023-08-30 21:25:50 0 [Note] InnoDB: Mutexes and rw_locks use Windows interlocked functions
2023-08-30 21:25:50 0 [Note] InnoDB: Uses event mutexes
2023-08-30 21:25:50 0 [Note] InnoDB: Compressed tables use zlib 1.2.12
2023-08-30 21:25:50 0 [Note] InnoDB: Number of pools: 1
2023-08-30 21:25:50 0 [Note] InnoDB: Using SSE2 crc32 instructions
2023-08-30 21:25:50 0 [Note] InnoDB: Initializing buffer pool, total size = 16M, instances = 1, chunk size = 16M
2023-08-30 21:25:50 0 [Note] InnoDB: Completed initialization of buffer pool
2023-08-30 21:25:50 0 [Note] InnoDB: 128 out of 128 rollback segments are active.
2023-08-30 21:25:50 0 [Note] InnoDB: Creating shared tablespace for temporary tables
2023-08-30 21:25:50 0 [Note] InnoDB: Setting file 'C:\xampp\mysql\data\ibtmp1' size to 12 MB. Physically writing the file full; Please wait ...
2023-08-30 21:25:50 0 [Note] InnoDB: File 'C:\xampp\mysql\data\ibtmp1' size is now 12 MB.
2023-08-30 21:25:50 0 [Note] InnoDB: Waiting for purge to start
2023-08-30 21:25:50 0 [Note] InnoDB: 10.4.28 started; log sequence number 346499; transaction id 312
2023-08-30 21:25:50 0 [Note] InnoDB: Loading buffer pool(s) from C:\xampp\mysql\data\ib_buffer_pool
2023-08-30 21:25:50 0 [Note] Plugin 'FEEDBACK' is disabled.
2023-08-30 21:25:50 0 [Note] Server socket created on IP: '::'.
2023-08-30 21:26:15 0 [Note] Starting MariaDB 10.4.28-MariaDB source revision c8f2e9a5c0ac5905f28b050b7df5a9ffd914b7e7 as process 2940
2023-08-30 21:26:15 0 [Note] InnoDB: Mutexes and rw_locks use Windows interlocked functions
2023-08-30 21:26:15 0 [Note] InnoDB: Uses event mutexes
2023-08-30 21:26:15 0 [Note] InnoDB: Compressed tables use zlib 1.2.12
2023-08-30 21:26:15 0 [Note] InnoDB: Number of pools: 1
2023-08-30 21:26:15 0 [Note] InnoDB: Using SSE2 crc32 instructions
2023-08-30 21:26:15 0 [Note] InnoDB: Initializing buffer pool, total size = 16M, instances = 1, chunk size = 16M
2023-08-30 21:26:15 0 [Note] InnoDB: Completed initialization of buffer pool
2023-08-30 21:26:16 0 [Note] InnoDB: 128 out of 128 rollback segments are active.
2023-08-30 21:26:16 0 [Note] InnoDB: Creating shared tablespace for temporary tables
2023-08-30 21:26:16 0 [Note] InnoDB: Setting file 'C:\xampp\mysql\data\ibtmp1' size to 12 MB. Physically writing the file full; Please wait ...
2023-08-30 21:26:16 0 [Note] InnoDB: File 'C:\xampp\mysql\data\ibtmp1' size is now 12 MB.
2023-08-30 21:26:16 0 [Note] InnoDB: Waiting for purge to start
2023-08-30 21:26:16 0 [Note] InnoDB: 10.4.28 started; log sequence number 346508; transaction id 312
2023-08-30 21:26:16 0 [Note] InnoDB: Loading buffer pool(s) from C:\xampp\mysql\data\ib_buffer_pool
2023-08-30 21:26:16 0 [Note] Plugin 'FEEDBACK' is disabled.
2023-08-30 21:26:16 0 [Note] Server socket created on IP: '::'.
