2023-08-30 16:36:49 0 [Note] Starting MariaDB 10.4.28-MariaDB source revision c8f2e9a5c0ac5905f28b050b7df5a9ffd914b7e7 as process 5528
2023-08-30 16:36:49 0 [Note] InnoDB: Mutexes and rw_locks use Windows interlocked functions
2023-08-30 16:36:49 0 [Note] InnoDB: Uses event mutexes
2023-08-30 16:36:49 0 [Note] InnoDB: Compressed tables use zlib 1.2.12
2023-08-30 16:36:49 0 [Note] InnoDB: Number of pools: 1
2023-08-30 16:36:49 0 [Note] InnoDB: Using SSE2 crc32 instructions
2023-08-30 16:36:49 0 [Note] InnoDB: Initializing buffer pool, total size = 16M, instances = 1, chunk size = 16M
2023-08-30 16:36:49 0 [Note] InnoDB: Completed initialization of buffer pool
2023-08-30 16:36:49 0 [Note] InnoDB: Starting crash recovery from checkpoint LSN=300288
2023-08-30 16:36:49 0 [Note] InnoDB: 128 out of 128 rollback segments are active.
2023-08-30 16:36:49 0 [Note] InnoDB: Removed temporary tablespace data file: "ibtmp1"
2023-08-30 16:36:49 0 [Note] InnoDB: Creating shared tablespace for temporary tables
2023-08-30 16:36:49 0 [Note] InnoDB: Setting file 'C:\xampp\mysql\data\ibtmp1' size to 12 MB. Physically writing the file full; Please wait ...
2023-08-30 16:36:49 0 [Note] InnoDB: File 'C:\xampp\mysql\data\ibtmp1' size is now 12 MB.
2023-08-30 16:36:49 0 [Note] InnoDB: Waiting for purge to start
2023-08-30 16:36:49 0 [Note] InnoDB: 10.4.28 started; log sequence number 300297; transaction id 170
2023-08-30 16:36:49 0 [Note] InnoDB: Loading buffer pool(s) from C:\xampp\mysql\data\ib_buffer_pool
2023-08-30 16:36:49 0 [Note] Plugin 'FEEDBACK' is disabled.
2023-08-30 16:36:49 0 [Note] InnoDB: Buffer pool(s) load completed at 230830 16:36:49
2023-08-30 16:36:49 0 [Note] Server socket created on IP: '::'.
2023-08-30 20:49:09 0 [Note] Starting MariaDB 10.4.28-MariaDB source revision c8f2e9a5c0ac5905f28b050b7df5a9ffd914b7e7 as process 7688
2023-08-30 20:49:09 0 [Note] InnoDB: Mutexes and rw_locks use Windows interlocked functions
2023-08-30 20:49:09 0 [Note] InnoDB: Uses event mutexes
2023-08-30 20:49:09 0 [Note] InnoDB: Compressed tables use zlib 1.2.12
2023-08-30 20:49:09 0 [Note] InnoDB: Number of pools: 1
2023-08-30 20:49:09 0 [Note] InnoDB: Using SSE2 crc32 instructions
2023-08-30 20:49:09 0 [Note] InnoDB: Initializing buffer pool, total size = 16M, instances = 1, chunk size = 16M
2023-08-30 20:49:09 0 [Note] InnoDB: Completed initialization of buffer pool
2023-08-30 20:49:09 0 [Note] InnoDB: Starting crash recovery from checkpoint LSN=342503
2023-08-30 20:49:09 0 [Note] InnoDB: Starting final batch to recover 15 pages from redo log.
2023-08-30 20:49:10 0 [Note] InnoDB: 128 out of 128 rollback segments are active.
2023-08-30 20:49:10 0 [Note] InnoDB: Removed temporary tablespace data file: "ibtmp1"
2023-08-30 20:49:10 0 [Note] InnoDB: Creating shared tablespace for temporary tables
2023-08-30 20:49:10 0 [Note] InnoDB: Setting file 'C:\xampp\mysql\data\ibtmp1' size to 12 MB. Physically writing the file full; Please wait ...
2023-08-30 20:49:10 0 [Note] InnoDB: File 'C:\xampp\mysql\data\ibtmp1' size is now 12 MB.
2023-08-30 20:49:10 0 [Note] InnoDB: Waiting for purge to start
2023-08-30 20:49:10 0 [Note] InnoDB: 10.4.28 started; log sequence number 346064; transaction id 312
2023-08-30 20:49:10 0 [Note] InnoDB: Loading buffer pool(s) from C:\xampp\mysql\data\ib_buffer_pool
2023-08-30 20:49:10 0 [Note] Plugin 'FEEDBACK' is disabled.
2023-08-30 20:49:10 0 [Note] InnoDB: Buffer pool(s) load completed at 230830 20:49:10
2023-08-30 20:49:10 0 [Note] Server socket created on IP: '::'.
2023-08-30 21:19:09 0 [Note] Starting MariaDB 10.4.28-MariaDB source revision c8f2e9a5c0ac5905f28b050b7df5a9ffd914b7e7 as process 10828
2023-08-30 21:19:09 0 [Note] InnoDB: Mutexes and rw_locks use Windows interlocked functions
2023-08-30 21:19:09 0 [Note] InnoDB: Uses event mutexes
2023-08-30 21:19:09 0 [Note] InnoDB: Compressed tables use zlib 1.2.12
2023-08-30 21:19:09 0 [Note] InnoDB: Number of pools: 1
2023-08-30 21:19:09 0 [Note] InnoDB: Using SSE2 crc32 instructions
2023-08-30 21:19:09 0 [Note] InnoDB: Initializing buffer pool, total size = 16M, instances = 1, chunk size = 16M
2023-08-30 21:19:09 0 [Note] InnoDB: Completed initialization of buffer pool
2023-08-30 21:19:09 0 [Note] InnoDB: 128 out of 128 rollback segments are active.
2023-08-30 21:19:09 0 [Note] InnoDB: Creating shared tablespace for temporary tables
2023-08-30 21:19:09 0 [Note] InnoDB: Setting file 'C:\xampp\mysql\data\ibtmp1' size to 12 MB. Physically writing the file full; Please wait ...
2023-08-30 21:19:09 0 [Note] InnoDB: File 'C:\xampp\mysql\data\ibtmp1' size is now 12 MB.
2023-08-30 21:19:09 0 [Note] InnoDB: Waiting for purge to start
2023-08-30 21:19:09 0 [Note] InnoDB: 10.4.28 started; log sequence number 346436; transaction id 312
2023-08-30 21:19:09 0 [Note] InnoDB: Loading buffer pool(s) from C:\xampp\mysql\data\ib_buffer_pool
2023-08-30 21:19:09 0 [Note] Plugin 'FEEDBACK' is disabled.
2023-08-30 21:19:09 0 [Note] Server socket created on IP: '::'.
2023-08-30 21:19:24 0 [Note] Starting MariaDB 10.4.28-MariaDB source revision c8f2e9a5c0ac5905f28b050b7df5a9ffd914b7e7 as process 9448
2023-08-30 21:19:24 0 [Note] InnoDB: Mutexes and rw_locks use Windows interlocked functions
2023-08-30 21:19:24 0 [Note] InnoDB: Uses event mutexes
2023-08-30 21:19:24 0 [Note] InnoDB: Compressed tables use zlib 1.2.12
2023-08-30 21:19:24 0 [Note] InnoDB: Number of pools: 1
2023-08-30 21:19:24 0 [Note] InnoDB: Using SSE2 crc32 instructions
2023-08-30 21:19:24 0 [Note] InnoDB: Initializing buffer pool, total size = 16M, instances = 1, chunk size = 16M
2023-08-30 21:19:24 0 [Note] InnoDB: Completed initialization of buffer pool
2023-08-30 21:19:24 0 [Note] InnoDB: 128 out of 128 rollback segments are active.
2023-08-30 21:19:24 0 [Note] InnoDB: Creating shared tablespace for temporary tables
2023-08-30 21:19:24 0 [Note] InnoDB: Setting file 'C:\xampp\mysql\data\ibtmp1' size to 12 MB. Physically writing the file full; Please wait ...
2023-08-30 21:19:24 0 [Note] InnoDB: File 'C:\xampp\mysql\data\ibtmp1' size is now 12 MB.
2023-08-30 21:19:24 0 [Note] InnoDB: Waiting for purge to start
2023-08-30 21:19:24 0 [Note] InnoDB: 10.4.28 started; log sequence number 346445; transaction id 312
2023-08-30 21:19:24 0 [Note] InnoDB: Loading buffer pool(s) from C:\xampp\mysql\data\ib_buffer_pool
2023-08-30 21:19:24 0 [Note] Plugin 'FEEDBACK' is disabled.
2023-08-30 21:19:24 0 [Note] Server socket created on IP: '::'.
2023-08-30 21:19:37 0 [Note] Starting MariaDB 10.4.28-MariaDB source revision c8f2e9a5c0ac5905f28b050b7df5a9ffd914b7e7 as process 6472
2023-08-30 21:19:37 0 [Note] InnoDB: Mutexes and rw_locks use Windows interlocked functions
2023-08-30 21:19:37 0 [Note] InnoDB: Uses event mutexes
2023-08-30 21:19:37 0 [Note] InnoDB: Compressed tables use zlib 1.2.12
2023-08-30 21:19:37 0 [Note] InnoDB: Number of pools: 1
2023-08-30 21:19:37 0 [Note] InnoDB: Using SSE2 crc32 instructions
2023-08-30 21:19:37 0 [Note] InnoDB: Initializing buffer pool, total size = 16M, instances = 1, chunk size = 16M
2023-08-30 21:19:37 0 [Note] InnoDB: Completed initialization of buffer pool
2023-08-30 21:19:37 0 [Note] InnoDB: 128 out of 128 rollback segments are active.
2023-08-30 21:19:37 0 [Note] InnoDB: Creating shared tablespace for temporary tables
2023-08-30 21:19:37 0 [Note] InnoDB: Setting file 'C:\xampp\mysql\data\ibtmp1' size to 12 MB. Physically writing the file full; Please wait ...
2023-08-30 21:19:37 0 [Note] InnoDB: File 'C:\xampp\mysql\data\ibtmp1' size is now 12 MB.
2023-08-30 21:19:37 0 [Note] InnoDB: Waiting for purge to start
2023-08-30 21:19:37 0 [Note] InnoDB: 10.4.28 started; log sequence number 346454; transaction id 312
2023-08-30 21:19:37 0 [Note] InnoDB: Loading buffer pool(s) from C:\xampp\mysql\data\ib_buffer_pool
2023-08-30 21:19:37 0 [Note] Plugin 'FEEDBACK' is disabled.
2023-08-30 21:19:37 0 [Note] Server socket created on IP: '::'.
2023-08-30 21:20:13 0 [Note] Starting MariaDB 10.4.28-MariaDB source revision c8f2e9a5c0ac5905f28b050b7df5a9ffd914b7e7 as process 2840
2023-08-30 21:20:13 0 [Note] InnoDB: Mutexes and rw_locks use Windows interlocked functions
2023-08-30 21:20:13 0 [Note] InnoDB: Uses event mutexes
2023-08-30 21:20:13 0 [Note] InnoDB: Compressed tables use zlib 1.2.12
2023-08-30 21:20:13 0 [Note] InnoDB: Number of pools: 1
2023-08-30 21:20:13 0 [Note] InnoDB: Using SSE2 crc32 instructions
2023-08-30 21:20:13 0 [Note] InnoDB: Initializing buffer pool, total size = 16M, instances = 1, chunk size = 16M
2023-08-30 21:20:13 0 [Note] InnoDB: Completed initialization of buffer pool
2023-08-30 21:20:13 0 [Note] InnoDB: 128 out of 128 rollback segments are active.
2023-08-30 21:20:13 0 [Note] InnoDB: Creating shared tablespace for temporary tables
2023-08-30 21:20:13 0 [Note] InnoDB: Setting file 'C:\xampp\mysql\data\ibtmp1' size to 12 MB. Physically writing the file full; Please wait ...
2023-08-30 21:20:13 0 [Note] InnoDB: File 'C:\xampp\mysql\data\ibtmp1' size is now 12 MB.
2023-08-30 21:20:13 0 [Note] InnoDB: Waiting for purge to start
2023-08-30 21:20:13 0 [Note] InnoDB: 10.4.28 started; log sequence number 346463; transaction id 312
2023-08-30 21:20:13 0 [Note] InnoDB: Loading buffer pool(s) from C:\xampp\mysql\data\ib_buffer_pool
2023-08-30 21:20:13 0 [Note] Plugin 'FEEDBACK' is disabled.
2023-08-30 21:20:13 0 [Note] Server socket created on IP: '::'.
2023-08-30 21:21:18 0 [Note] Starting MariaDB 10.4.28-MariaDB source revision c8f2e9a5c0ac5905f28b050b7df5a9ffd914b7e7 as process 3492
2023-08-30 21:21:18 0 [Note] InnoDB: Mutexes and rw_locks use Windows interlocked functions
2023-08-30 21:21:18 0 [Note] InnoDB: Uses event mutexes
2023-08-30 21:21:18 0 [Note] InnoDB: Compressed tables use zlib 1.2.12
2023-08-30 21:21:18 0 [Note] InnoDB: Number of pools: 1
2023-08-30 21:21:18 0 [Note] InnoDB: Using SSE2 crc32 instructions
2023-08-30 21:21:18 0 [Note] InnoDB: Initializing buffer pool, total size = 16M, instances = 1, chunk size = 16M
2023-08-30 21:21:18 0 [Note] InnoDB: Completed initialization of buffer pool
2023-08-30 21:21:18 0 [Note] InnoDB: 128 out of 128 rollback segments are active.
2023-08-30 21:21:18 0 [Note] InnoDB: Creating shared tablespace for temporary tables
2023-08-30 21:21:18 0 [Note] InnoDB: Setting file 'C:\xampp\mysql\data\ibtmp1' size to 12 MB. Physically writing the file full; Please wait ...
2023-08-30 21:21:18 0 [Note] InnoDB: File 'C:\xampp\mysql\data\ibtmp1' size is now 12 MB.
2023-08-30 21:21:18 0 [Note] InnoDB: Waiting for purge to start
2023-08-30 21:21:18 0 [Note] InnoDB: 10.4.28 started; log sequence number 346472; transaction id 312
2023-08-30 21:21:18 0 [Note] InnoDB: Loading buffer pool(s) from C:\xampp\mysql\data\ib_buffer_pool
2023-08-30 21:21:18 0 [Note] Plugin 'FEEDBACK' is disabled.
2023-08-30 21:21:18 0 [Note] Server socket created on IP: '::'.
2023-08-30 21:23:29 0 [Note] Starting MariaDB 10.4.28-MariaDB source revision c8f2e9a5c0ac5905f28b050b7df5a9ffd914b7e7 as process 1804
2023-08-30 21:23:29 0 [Note] InnoDB: Mutexes and rw_locks use Windows interlocked functions
2023-08-30 21:23:29 0 [Note] InnoDB: Uses event mutexes
2023-08-30 21:23:29 0 [Note] InnoDB: Compressed tables use zlib 1.2.12
2023-08-30 21:23:29 0 [Note] InnoDB: Number of pools: 1
2023-08-30 21:23:29 0 [Note] InnoDB: Using SSE2 crc32 instructions
2023-08-30 21:23:29 0 [Note] InnoDB: Initializing buffer pool, total size = 16M, instances = 1, chunk size = 16M
2023-08-30 21:23:29 0 [Note] InnoDB: Completed initialization of buffer pool
2023-08-30 21:23:29 0 [Note] InnoDB: 128 out of 128 rollback segments are active.
2023-08-30 21:23:29 0 [Note] InnoDB: Creating shared tablespace for temporary tables
2023-08-30 21:23:29 0 [Note] InnoDB: Setting file 'C:\xampp\mysql\data\ibtmp1' size to 12 MB. Physically writing the file full; Please wait ...
2023-08-30 21:23:29 0 [Note] InnoDB: File 'C:\xampp\mysql\data\ibtmp1' size is now 12 MB.
2023-08-30 21:23:29 0 [Note] InnoDB: Waiting for purge to start
2023-08-30 21:23:29 0 [Note] InnoDB: 10.4.28 started; log sequence number 346481; transaction id 312
2023-08-30 21:23:29 0 [Note] InnoDB: Loading buffer pool(s) from C:\xampp\mysql\data\ib_buffer_pool
2023-08-30 21:23:29 0 [Note] Plugin 'FEEDBACK' is disabled.
2023-08-30 21:23:29 0 [Note] InnoDB: Buffer pool(s) load completed at 230830 21:23:29
2023-08-30 21:23:29 0 [Note] Server socket created on IP: '::'.
2023-08-30 21:25:47 0 [Note] Starting MariaDB 10.4.28-MariaDB source revision c8f2e9a5c0ac5905f28b050b7df5a9ffd914b7e7 as process 7528
2023-08-30 21:25:47 0 [Note] InnoDB: Mutexes and rw_locks use Windows interlocked functions
2023-08-30 21:25:47 0 [Note] InnoDB: Uses event mutexes
2023-08-30 21:25:47 0 [Note] InnoDB: Compressed tables use zlib 1.2.12
2023-08-30 21:25:47 0 [Note] InnoDB: Number of pools: 1
2023-08-30 21:25:47 0 [Note] InnoDB: Using SSE2 crc32 instructions
2023-08-30 21:25:47 0 [Note] InnoDB: Initializing buffer pool, total size = 16M, instances = 1, chunk size = 16M
2023-08-30 21:25:47 0 [Note] InnoDB: Completed initialization of buffer pool
2023-08-30 21:25:47 0 [Note] InnoDB: 128 out of 128 rollback segments are active.
2023-08-30 21:25:47 0 [Note] InnoDB: Creating shared tablespace for temporary tables
2023-08-30 21:25:47 0 [Note] InnoDB: Setting file 'C:\xampp\mysql\data\ibtmp1' size to 12 MB. Physically writing the file full; Please wait ...
2023-08-30 21:25:47 0 [Note] InnoDB: File 'C:\xampp\mysql\data\ibtmp1' size is now 12 MB.
2023-08-30 21:25:47 0 [Note] InnoDB: Waiting for purge to start
2023-08-30 21:25:47 0 [Note] InnoDB: 10.4.28 started; log sequence number 346490; transaction id 312
2023-08-30 21:25:47 0 [Note] InnoDB: Loading buffer pool(s) from C:\xampp\mysql\data\ib_buffer_pool
2023-08-30 21:25:47 0 [Note] Plugin 'FEEDBACK' is disabled.
2023-08-30 21:25:47 0 [Note] Server socket created on IP: '::'.
2023-08-30 21:25:50 0 [Note] Starting MariaDB 10.4.28-MariaDB source revision c8f2e9a5c0ac5905f28b050b7df5a9ffd914b7e7 as process 5804
2023-08-30 21:25:50 0 [Note] InnoDB: Mutexes and rw_locks use Windows interlocked functions
2023-08-30 21:25:50 0 [Note] InnoDB: Uses event mutexes
2023-08-30 21:25:50 0 [Note] InnoDB: Compressed tables use zlib 1.2.12
2023-08-30 21:25:50 0 [Note] InnoDB: Number of pools: 1
2023-08-30 21:25:50 0 [Note] InnoDB: Using SSE2 crc32 instructions
2023-08-30 21:25:50 0 [Note] InnoDB: Initializing buffer pool, total size = 16M, instances = 1, chunk size = 16M
2023-08-30 21:25:50 0 [Note] InnoDB: Completed initialization of buffer pool
2023-08-30 21:25:50 0 [Note] InnoDB: 128 out of 128 rollback segments are active.
2023-08-30 21:25:50 0 [Note] InnoDB: Creating shared tablespace for temporary tables
2023-08-30 21:25:50 0 [Note] InnoDB: Setting file 'C:\xampp\mysql\data\ibtmp1' size to 12 MB. Physically writing the file full; Please wait ...
2023-08-30 21:25:50 0 [Note] InnoDB: File 'C:\xampp\mysql\data\ibtmp1' size is now 12 MB.
2023-08-30 21:25:50 0 [Note] InnoDB: Waiting for purge to start
2023-08-30 21:25:50 0 [Note] InnoDB: 10.4.28 started; log sequence number 346499; transaction id 312
2023-08-30 21:25:50 0 [Note] InnoDB: Loading buffer pool(s) from C:\xampp\mysql\data\ib_buffer_pool
2023-08-30 21:25:50 0 [Note] Plugin 'FEEDBACK' is disabled.
2023-08-30 21:25:50 0 [Note] Server socket created on IP: '::'.
2023-08-30 21:26:15 0 [Note] Starting MariaDB 10.4.28-MariaDB source revision c8f2e9a5c0ac5905f28b050b7df5a9ffd914b7e7 as process 2940
2023-08-30 21:26:15 0 [Note] InnoDB: Mutexes and rw_locks use Windows interlocked functions
2023-08-30 21:26:15 0 [Note] InnoDB: Uses event mutexes
2023-08-30 21:26:15 0 [Note] InnoDB: Compressed tables use zlib 1.2.12
2023-08-30 21:26:15 0 [Note] InnoDB: Number of pools: 1
2023-08-30 21:26:15 0 [Note] InnoDB: Using SSE2 crc32 instructions
2023-08-30 21:26:15 0 [Note] InnoDB: Initializing buffer pool, total size = 16M, instances = 1, chunk size = 16M
2023-08-30 21:26:15 0 [Note] InnoDB: Completed initialization of buffer pool
2023-08-30 21:26:16 0 [Note] InnoDB: 128 out of 128 rollback segments are active.
2023-08-30 21:26:16 0 [Note] InnoDB: Creating shared tablespace for temporary tables
2023-08-30 21:26:16 0 [Note] InnoDB: Setting file 'C:\xampp\mysql\data\ibtmp1' size to 12 MB. Physically writing the file full; Please wait ...
2023-08-30 21:26:16 0 [Note] InnoDB: File 'C:\xampp\mysql\data\ibtmp1' size is now 12 MB.
2023-08-30 21:26:16 0 [Note] InnoDB: Waiting for purge to start
2023-08-30 21:26:16 0 [Note] InnoDB: 10.4.28 started; log sequence number 346508; transaction id 312
2023-08-30 21:26:16 0 [Note] InnoDB: Loading buffer pool(s) from C:\xampp\mysql\data\ib_buffer_pool
2023-08-30 21:26:16 0 [Note] Plugin 'FEEDBACK' is disabled.
2023-08-30 21:26:16 0 [Note] Server socket created on IP: '::'.
2023-08-30 21:28:48 0 [Note] Starting MariaDB 10.4.28-MariaDB source revision c8f2e9a5c0ac5905f28b050b7df5a9ffd914b7e7 as process 6232
2023-08-30 21:28:48 0 [Note] InnoDB: Mutexes and rw_locks use Windows interlocked functions
2023-08-30 21:28:48 0 [Note] InnoDB: Uses event mutexes
2023-08-30 21:28:48 0 [Note] InnoDB: Compressed tables use zlib 1.2.12
2023-08-30 21:28:48 0 [Note] InnoDB: Number of pools: 1
2023-08-30 21:28:48 0 [Note] InnoDB: Using SSE2 crc32 instructions
2023-08-30 21:28:48 0 [Note] InnoDB: Initializing buffer pool, total size = 16M, instances = 1, chunk size = 16M
2023-08-30 21:28:48 0 [Note] InnoDB: Completed initialization of buffer pool
2023-08-30 21:28:48 0 [Note] InnoDB: Starting crash recovery from checkpoint LSN=300288
2023-08-30 21:28:48 0 [Note] InnoDB: 128 out of 128 rollback segments are active.
2023-08-30 21:28:48 0 [Note] InnoDB: Removed temporary tablespace data file: "ibtmp1"
2023-08-30 21:28:48 0 [Note] InnoDB: Creating shared tablespace for temporary tables
2023-08-30 21:28:48 0 [Note] InnoDB: Setting file 'C:\xampp\mysql\data\ibtmp1' size to 12 MB. Physically writing the file full; Please wait ...
2023-08-30 21:28:48 0 [Note] InnoDB: File 'C:\xampp\mysql\data\ibtmp1' size is now 12 MB.
2023-08-30 21:28:48 0 [Note] InnoDB: Waiting for purge to start
2023-08-30 21:28:48 0 [Note] InnoDB: 10.4.28 started; log sequence number 300297; transaction id 170
2023-08-30 21:28:48 0 [Note] InnoDB: Loading buffer pool(s) from C:\xampp\mysql\data\ib_buffer_pool
2023-08-30 21:28:48 0 [Note] Plugin 'FEEDBACK' is disabled.
2023-08-30 21:28:48 0 [Note] Server socket created on IP: '::'.
2023-08-30 21:29:01 0 [Note] Starting MariaDB 10.4.28-MariaDB source revision c8f2e9a5c0ac5905f28b050b7df5a9ffd914b7e7 as process 8200
2023-08-30 21:29:01 0 [Note] InnoDB: Mutexes and rw_locks use Windows interlocked functions
2023-08-30 21:29:01 0 [Note] InnoDB: Uses event mutexes
2023-08-30 21:29:01 0 [Note] InnoDB: Compressed tables use zlib 1.2.12
2023-08-30 21:29:01 0 [Note] InnoDB: Number of pools: 1
2023-08-30 21:29:01 0 [Note] InnoDB: Using SSE2 crc32 instructions
2023-08-30 21:29:01 0 [Note] InnoDB: Initializing buffer pool, total size = 16M, instances = 1, chunk size = 16M
2023-08-30 21:29:01 0 [Note] InnoDB: Completed initialization of buffer pool
2023-08-30 21:29:01 0 [Note] InnoDB: Starting crash recovery from checkpoint LSN=300306
2023-08-30 21:29:01 0 [Note] InnoDB: 128 out of 128 rollback segments are active.
2023-08-30 21:29:01 0 [Note] InnoDB: Removed temporary tablespace data file: "ibtmp1"
2023-08-30 21:29:01 0 [Note] InnoDB: Creating shared tablespace for temporary tables
2023-08-30 21:29:01 0 [Note] InnoDB: Setting file 'C:\xampp\mysql\data\ibtmp1' size to 12 MB. Physically writing the file full; Please wait ...
2023-08-30 21:29:01 0 [Note] InnoDB: File 'C:\xampp\mysql\data\ibtmp1' size is now 12 MB.
2023-08-30 21:29:01 0 [Note] InnoDB: Waiting for purge to start
2023-08-30 21:29:01 0 [Note] InnoDB: 10.4.28 started; log sequence number 300315; transaction id 170
2023-08-30 21:29:01 0 [Note] InnoDB: Loading buffer pool(s) from C:\xampp\mysql\data\ib_buffer_pool
2023-08-30 21:29:01 0 [Note] Plugin 'FEEDBACK' is disabled.
2023-08-30 21:29:01 0 [Note] Server socket created on IP: '::'.
2023-09-03 15:00:47 0 [Note] Starting MariaDB 10.4.28-MariaDB source revision c8f2e9a5c0ac5905f28b050b7df5a9ffd914b7e7 as process 5796
2023-09-03 15:00:47 0 [Note] InnoDB: Mutexes and rw_locks use Windows interlocked functions
2023-09-03 15:00:47 0 [Note] InnoDB: Uses event mutexes
2023-09-03 15:00:47 0 [Note] InnoDB: Compressed tables use zlib 1.2.12
2023-09-03 15:00:47 0 [Note] InnoDB: Number of pools: 1
2023-09-03 15:00:47 0 [Note] InnoDB: Using SSE2 crc32 instructions
2023-09-03 15:00:47 0 [Note] InnoDB: Initializing buffer pool, total size = 16M, instances = 1, chunk size = 16M
2023-09-03 15:00:47 0 [Note] InnoDB: Completed initialization of buffer pool
2023-09-03 15:00:47 0 [Note] InnoDB: Starting crash recovery from checkpoint LSN=363547
2023-09-03 15:00:47 0 [Note] InnoDB: 128 out of 128 rollback segments are active.
2023-09-03 15:00:47 0 [Note] InnoDB: Removed temporary tablespace data file: "ibtmp1"
2023-09-03 15:00:47 0 [Note] InnoDB: Creating shared tablespace for temporary tables
2023-09-03 15:00:47 0 [Note] InnoDB: Setting file 'C:\xampp\mysql\data\ibtmp1' size to 12 MB. Physically writing the file full; Please wait ...
2023-09-03 15:00:47 0 [Note] InnoDB: File 'C:\xampp\mysql\data\ibtmp1' size is now 12 MB.
2023-09-03 15:00:47 0 [Note] InnoDB: Waiting for purge to start
2023-09-03 15:00:48 0 [Note] InnoDB: 10.4.28 started; log sequence number 363556; transaction id 337
2023-09-03 15:00:48 0 [Note] Plugin 'FEEDBACK' is disabled.
2023-09-03 15:00:48 0 [Note] InnoDB: Loading buffer pool(s) from C:\xampp\mysql\data\ib_buffer_pool
2023-09-03 15:00:48 0 [Note] InnoDB: Buffer pool(s) load completed at 230903 15:00:48
2023-09-03 15:00:48 0 [Note] Server socket created on IP: '::'.
2023-09-04  1:36:25 0 [Note] Starting MariaDB 10.4.28-MariaDB source revision c8f2e9a5c0ac5905f28b050b7df5a9ffd914b7e7 as process 3940
2023-09-04  1:36:25 0 [Note] InnoDB: Mutexes and rw_locks use Windows interlocked functions
2023-09-04  1:36:25 0 [Note] InnoDB: Uses event mutexes
2023-09-04  1:36:25 0 [Note] InnoDB: Compressed tables use zlib 1.2.12
2023-09-04  1:36:25 0 [Note] InnoDB: Number of pools: 1
2023-09-04  1:36:25 0 [Note] InnoDB: Using SSE2 crc32 instructions
2023-09-04  1:36:25 0 [Note] InnoDB: Initializing buffer pool, total size = 16M, instances = 1, chunk size = 16M
2023-09-04  1:36:25 0 [Note] InnoDB: Completed initialization of buffer pool
2023-09-04  1:36:25 0 [Note] InnoDB: Starting crash recovery from checkpoint LSN=382171
2023-09-04  1:36:25 0 [Note] InnoDB: 128 out of 128 rollback segments are active.
2023-09-04  1:36:25 0 [Note] InnoDB: Removed temporary tablespace data file: "ibtmp1"
2023-09-04  1:36:25 0 [Note] InnoDB: Creating shared tablespace for temporary tables
2023-09-04  1:36:25 0 [Note] InnoDB: Setting file 'C:\xampp\mysql\data\ibtmp1' size to 12 MB. Physically writing the file full; Please wait ...
2023-09-04  1:36:25 0 [Note] InnoDB: File 'C:\xampp\mysql\data\ibtmp1' size is now 12 MB.
2023-09-04  1:36:25 0 [Note] InnoDB: Waiting for purge to start
2023-09-04  1:36:25 0 [Note] InnoDB: 10.4.28 started; log sequence number 382180; transaction id 427
2023-09-04  1:36:25 0 [Note] InnoDB: Loading buffer pool(s) from C:\xampp\mysql\data\ib_buffer_pool
2023-09-04  1:36:25 0 [Note] Plugin 'FEEDBACK' is disabled.
2023-09-04  1:36:25 0 [Note] InnoDB: Buffer pool(s) load completed at 230904  1:36:25
2023-09-04  1:36:25 0 [Note] Server socket created on IP: '::'.
2023-09-05 13:47:54 0 [Note] Starting MariaDB 10.4.28-MariaDB source revision c8f2e9a5c0ac5905f28b050b7df5a9ffd914b7e7 as process 16400
2023-09-05 13:47:54 0 [Note] InnoDB: Mutexes and rw_locks use Windows interlocked functions
2023-09-05 13:47:54 0 [Note] InnoDB: Uses event mutexes
2023-09-05 13:47:54 0 [Note] InnoDB: Compressed tables use zlib 1.2.12
2023-09-05 13:47:54 0 [Note] InnoDB: Number of pools: 1
2023-09-05 13:47:54 0 [Note] InnoDB: Using SSE2 crc32 instructions
2023-09-05 13:47:54 0 [Note] InnoDB: Initializing buffer pool, total size = 16M, instances = 1, chunk size = 16M
2023-09-05 13:47:54 0 [Note] InnoDB: Completed initialization of buffer pool
2023-09-05 13:47:54 0 [Note] InnoDB: Starting crash recovery from checkpoint LSN=382506
2023-09-05 13:47:54 0 [Note] InnoDB: 128 out of 128 rollback segments are active.
2023-09-05 13:47:54 0 [Note] InnoDB: Removed temporary tablespace data file: "ibtmp1"
2023-09-05 13:47:54 0 [Note] InnoDB: Creating shared tablespace for temporary tables
2023-09-05 13:47:54 0 [Note] InnoDB: Setting file 'C:\xampp\mysql\data\ibtmp1' size to 12 MB. Physically writing the file full; Please wait ...
2023-09-05 13:47:54 0 [Note] InnoDB: File 'C:\xampp\mysql\data\ibtmp1' size is now 12 MB.
2023-09-05 13:47:54 0 [Note] InnoDB: Waiting for purge to start
2023-09-05 13:47:54 0 [Note] InnoDB: 10.4.28 started; log sequence number 382515; transaction id 450
2023-09-05 13:47:54 0 [Note] InnoDB: Loading buffer pool(s) from C:\xampp\mysql\data\ib_buffer_pool
2023-09-05 13:47:54 0 [Note] Plugin 'FEEDBACK' is disabled.
2023-09-05 13:47:54 0 [Note] InnoDB: Buffer pool(s) load completed at 230905 13:47:54
2023-09-05 13:47:54 0 [Note] Server socket created on IP: '::'.
2023-09-05 16:28:06 0 [Note] Starting MariaDB 10.4.28-MariaDB source revision c8f2e9a5c0ac5905f28b050b7df5a9ffd914b7e7 as process 17380
2023-09-05 16:28:06 0 [Note] InnoDB: Mutexes and rw_locks use Windows interlocked functions
2023-09-05 16:28:06 0 [Note] InnoDB: Uses event mutexes
2023-09-05 16:28:06 0 [Note] InnoDB: Compressed tables use zlib 1.2.12
2023-09-05 16:28:06 0 [Note] InnoDB: Number of pools: 1
2023-09-05 16:28:06 0 [Note] InnoDB: Using SSE2 crc32 instructions
2023-09-05 16:28:06 0 [Note] InnoDB: Initializing buffer pool, total size = 16M, instances = 1, chunk size = 16M
2023-09-05 16:28:06 0 [Note] InnoDB: Completed initialization of buffer pool
2023-09-05 16:28:06 0 [Note] InnoDB: Starting crash recovery from checkpoint LSN=386428
2023-09-05 16:28:07 0 [Note] InnoDB: 128 out of 128 rollback segments are active.
2023-09-05 16:28:07 0 [Note] InnoDB: Removed temporary tablespace data file: "ibtmp1"
2023-09-05 16:28:07 0 [Note] InnoDB: Creating shared tablespace for temporary tables
2023-09-05 16:28:07 0 [Note] InnoDB: Setting file 'C:\xampp\mysql\data\ibtmp1' size to 12 MB. Physically writing the file full; Please wait ...
2023-09-05 16:28:07 0 [Note] InnoDB: File 'C:\xampp\mysql\data\ibtmp1' size is now 12 MB.
2023-09-05 16:28:07 0 [Note] InnoDB: Waiting for purge to start
2023-09-05 16:28:07 0 [Note] InnoDB: 10.4.28 started; log sequence number 386437; transaction id 483
2023-09-05 16:28:07 0 [Note] InnoDB: Loading buffer pool(s) from C:\xampp\mysql\data\ib_buffer_pool
2023-09-05 16:28:07 0 [Note] Plugin 'FEEDBACK' is disabled.
2023-09-05 16:28:07 0 [Note] Server socket created on IP: '::'.
2023-09-06 23:05:53 0 [Note] Starting MariaDB 10.4.28-MariaDB source revision c8f2e9a5c0ac5905f28b050b7df5a9ffd914b7e7 as process 5352
2023-09-06 23:05:53 0 [Note] InnoDB: Mutexes and rw_locks use Windows interlocked functions
2023-09-06 23:05:53 0 [Note] InnoDB: Uses event mutexes
2023-09-06 23:05:53 0 [Note] InnoDB: Compressed tables use zlib 1.2.12
2023-09-06 23:05:53 0 [Note] InnoDB: Number of pools: 1
2023-09-06 23:05:53 0 [Note] InnoDB: Using SSE2 crc32 instructions
2023-09-06 23:05:53 0 [Note] InnoDB: Initializing buffer pool, total size = 16M, instances = 1, chunk size = 16M
2023-09-06 23:05:53 0 [Note] InnoDB: Completed initialization of buffer pool
2023-09-06 23:05:53 0 [Note] InnoDB: Starting crash recovery from checkpoint LSN=386977
2023-09-06 23:05:54 0 [Note] InnoDB: 128 out of 128 rollback segments are active.
2023-09-06 23:05:54 0 [Note] InnoDB: Removed temporary tablespace data file: "ibtmp1"
2023-09-06 23:05:54 0 [Note] InnoDB: Creating shared tablespace for temporary tables
2023-09-06 23:05:54 0 [Note] InnoDB: Setting file 'C:\xampp\mysql\data\ibtmp1' size to 12 MB. Physically writing the file full; Please wait ...
2023-09-06 23:05:54 0 [Note] InnoDB: File 'C:\xampp\mysql\data\ibtmp1' size is now 12 MB.
2023-09-06 23:05:54 0 [Note] InnoDB: Waiting for purge to start
2023-09-06 23:05:54 0 [Note] InnoDB: 10.4.28 started; log sequence number 386986; transaction id 507
2023-09-06 23:05:54 0 [Note] InnoDB: Loading buffer pool(s) from C:\xampp\mysql\data\ib_buffer_pool
2023-09-06 23:05:54 0 [Note] Plugin 'FEEDBACK' is disabled.
2023-09-06 23:05:54 0 [Note] Server socket created on IP: '::'.
2023-09-11 16:51:59 0 [Note] Starting MariaDB 10.4.28-MariaDB source revision c8f2e9a5c0ac5905f28b050b7df5a9ffd914b7e7 as process 17340
2023-09-11 16:51:59 0 [Note] InnoDB: Mutexes and rw_locks use Windows interlocked functions
2023-09-11 16:51:59 0 [Note] InnoDB: Uses event mutexes
2023-09-11 16:51:59 0 [Note] InnoDB: Compressed tables use zlib 1.2.12
2023-09-11 16:51:59 0 [Note] InnoDB: Number of pools: 1
2023-09-11 16:51:59 0 [Note] InnoDB: Using SSE2 crc32 instructions
2023-09-11 16:51:59 0 [Note] InnoDB: Initializing buffer pool, total size = 16M, instances = 1, chunk size = 16M
2023-09-11 16:51:59 0 [Note] InnoDB: Completed initialization of buffer pool
2023-09-11 16:51:59 0 [Note] InnoDB: Starting crash recovery from checkpoint LSN=397257
2023-09-11 16:51:59 0 [Note] InnoDB: 128 out of 128 rollback segments are active.
2023-09-11 16:51:59 0 [Note] InnoDB: Removed temporary tablespace data file: "ibtmp1"
2023-09-11 16:51:59 0 [Note] InnoDB: Creating shared tablespace for temporary tables
2023-09-11 16:51:59 0 [Note] InnoDB: Setting file 'C:\xampp\mysql\data\ibtmp1' size to 12 MB. Physically writing the file full; Please wait ...
2023-09-11 16:51:59 0 [Note] InnoDB: File 'C:\xampp\mysql\data\ibtmp1' size is now 12 MB.
2023-09-11 16:51:59 0 [Note] InnoDB: Waiting for purge to start
2023-09-11 16:51:59 0 [Note] InnoDB: 10.4.28 started; log sequence number 397266; transaction id 557
2023-09-11 16:51:59 0 [Note] InnoDB: Loading buffer pool(s) from C:\xampp\mysql\data\ib_buffer_pool
2023-09-11 16:51:59 0 [Note] Plugin 'FEEDBACK' is disabled.
2023-09-11 16:51:59 0 [Note] InnoDB: Buffer pool(s) load completed at 230911 16:51:59
2023-09-11 16:51:59 0 [Note] Server socket created on IP: '::'.
2023-09-11 19:39:19 0 [Note] Starting MariaDB 10.4.28-MariaDB source revision c8f2e9a5c0ac5905f28b050b7df5a9ffd914b7e7 as process 14560
2023-09-11 19:39:19 0 [Note] InnoDB: Mutexes and rw_locks use Windows interlocked functions
2023-09-11 19:39:19 0 [Note] InnoDB: Uses event mutexes
2023-09-11 19:39:19 0 [Note] InnoDB: Compressed tables use zlib 1.2.12
2023-09-11 19:39:19 0 [Note] InnoDB: Number of pools: 1
2023-09-11 19:39:19 0 [Note] InnoDB: Using SSE2 crc32 instructions
2023-09-11 19:39:19 0 [Note] InnoDB: Initializing buffer pool, total size = 16M, instances = 1, chunk size = 16M
2023-09-11 19:39:19 0 [Note] InnoDB: Completed initialization of buffer pool
2023-09-11 19:39:19 0 [Note] InnoDB: Starting crash recovery from checkpoint LSN=420451
2023-09-11 19:39:20 0 [Note] InnoDB: 128 out of 128 rollback segments are active.
2023-09-11 19:39:20 0 [Note] InnoDB: Removed temporary tablespace data file: "ibtmp1"
2023-09-11 19:39:20 0 [Note] InnoDB: Creating shared tablespace for temporary tables
2023-09-11 19:39:20 0 [Note] InnoDB: Setting file 'C:\xampp\mysql\data\ibtmp1' size to 12 MB. Physically writing the file full; Please wait ...
2023-09-11 19:39:20 0 [Note] InnoDB: File 'C:\xampp\mysql\data\ibtmp1' size is now 12 MB.
2023-09-11 19:39:20 0 [Note] InnoDB: Waiting for purge to start
2023-09-11 19:39:20 0 [Note] InnoDB: 10.4.28 started; log sequence number 420460; transaction id 654
2023-09-11 19:39:20 0 [Note] InnoDB: Loading buffer pool(s) from C:\xampp\mysql\data\ib_buffer_pool
2023-09-11 19:39:20 0 [Note] Plugin 'FEEDBACK' is disabled.
2023-09-11 19:39:20 0 [Note] Server socket created on IP: '::'.
2023-09-15 15:26:14 0 [Note] Starting MariaDB 10.4.28-MariaDB source revision c8f2e9a5c0ac5905f28b050b7df5a9ffd914b7e7 as process 2108
2023-09-15 15:26:14 0 [Note] InnoDB: Mutexes and rw_locks use Windows interlocked functions
2023-09-15 15:26:14 0 [Note] InnoDB: Uses event mutexes
2023-09-15 15:26:14 0 [Note] InnoDB: Compressed tables use zlib 1.2.12
2023-09-15 15:26:14 0 [Note] InnoDB: Number of pools: 1
2023-09-15 15:26:14 0 [Note] InnoDB: Using SSE2 crc32 instructions
2023-09-15 15:26:14 0 [Note] InnoDB: Initializing buffer pool, total size = 16M, instances = 1, chunk size = 16M
2023-09-15 15:26:14 0 [Note] InnoDB: Completed initialization of buffer pool
2023-09-15 15:26:14 0 [Note] InnoDB: Starting crash recovery from checkpoint LSN=440725
2023-09-15 15:26:14 0 [Note] InnoDB: 128 out of 128 rollback segments are active.
2023-09-15 15:26:14 0 [Note] InnoDB: Removed temporary tablespace data file: "ibtmp1"
2023-09-15 15:26:14 0 [Note] InnoDB: Creating shared tablespace for temporary tables
2023-09-15 15:26:14 0 [Note] InnoDB: Setting file 'C:\xampp\mysql\data\ibtmp1' size to 12 MB. Physically writing the file full; Please wait ...
2023-09-15 15:26:14 0 [Note] InnoDB: File 'C:\xampp\mysql\data\ibtmp1' size is now 12 MB.
2023-09-15 15:26:14 0 [Note] InnoDB: Waiting for purge to start
2023-09-15 15:26:15 0 [Note] InnoDB: 10.4.28 started; log sequence number 440734; transaction id 740
2023-09-15 15:26:15 0 [Note] InnoDB: Loading buffer pool(s) from C:\xampp\mysql\data\ib_buffer_pool
2023-09-15 15:26:15 0 [Note] Plugin 'FEEDBACK' is disabled.
2023-09-15 15:26:15 0 [Note] Server socket created on IP: '::'.
